loginDemo/build/outputs/logs/manifest-merger-debug-report.txt
-- Merging decision tree log ---
manifest
ADDED from src\main\AndroidManifest.xml:2:1-113:12
	package
		ADDED from src\main\AndroidManifest.xml:3:5-37
		INJECTED from src\main\AndroidManifest.xml
		INJECTED from src\main\AndroidManifest.xml
	android:versionName
		ADDED from src\main\AndroidManifest.xml:5:5-32
		INJECTED from src\main\AndroidManifest.xml
		INJECTED from src\main\AndroidManifest.xml
	android:versionCode
		ADDED from src\main\AndroidManifest.xml:4:5-29
		INJECTED from src\main\AndroidManifest.xml
		INJECTED from src\main\AndroidManifest.xml
	xmlns:android
		ADDED from src\main\AndroidManifest.xml:2:11-69
uses-permission#android.permission.GET_TASKS
ADDED from src\main\AndroidManifest.xml:7:5-68
	android:name
		ADDED from src\main\AndroidManifest.xml:7:22-65
uses-permission#android.permission.INTERNET
ADDED from src\main\AndroidManifest.xml:8:2-64
	android:name
		ADDED from src\main\AndroidManifest.xml:8:19-61
uses-permission#android.permission.ACCESS_WIFI_STATE
ADDED from src\main\AndroidManifest.xml:9:2-73
	android:name
		ADDED from src\main\AndroidManifest.xml:9:19-70
uses-permission#android.permission.ACCESS_NETWORK_STATE
ADDED from src\main\AndroidManifest.xml:10:2-76
	android:name
		ADDED from src\main\AndroidManifest.xml:10:19-73
uses-permission#android.permission.CHANGE_WIFI_STATE
ADDED from src\main\AndroidManifest.xml:11:2-73
	android:name
		ADDED from src\main\AndroidManifest.xml:11:19-70
uses-permission#android.permission.WRITE_EXTERNAL_STORAGE
ADDED from src\main\AndroidManifest.xml:12:2-78
	android:name
		ADDED from src\main\AndroidManifest.xml:12:19-75
uses-permission#android.permission.READ_PHONE_STATE
ADDED from src\main\AndroidManifest.xml:13:2-72
	android:name
		ADDED from src\main\AndroidManifest.xml:13:19-69
uses-permission#android.permission.MANAGE_ACCOUNTS
ADDED from src\main\AndroidManifest.xml:14:2-70
	android:name
		ADDED from src\main\AndroidManifest.xml:14:19-68
uses-permission#android.permission.GET_ACCOUNTS
ADDED from src\main\AndroidManifest.xml:15:2-67
	android:name
		ADDED from src\main\AndroidManifest.xml:15:19-65
supports-screens
ADDED from src\main\AndroidManifest.xml:17:5-22:39
	android:largeScreens
		ADDED from src\main\AndroidManifest.xml:19:9-36
	android:smallScreens
		ADDED from src\main\AndroidManifest.xml:22:9-36
	android:normalScreens
		ADDED from src\main\AndroidManifest.xml:20:9-37
	android:resizeable
		ADDED from src\main\AndroidManifest.xml:21:9-34
	android:anyDensity
		ADDED from src\main\AndroidManifest.xml:18:9-34
uses-sdk
ADDED from src\main\AndroidManifest.xml:24:5-26:41
	android:targetSdkVersion
		ADDED from src\main\AndroidManifest.xml:26:9-38
		INJECTED from src\main\AndroidManifest.xml
		INJECTED from src\main\AndroidManifest.xml
	android:minSdkVersion
		ADDED from src\main\AndroidManifest.xml:25:9-35
		INJECTED from src\main\AndroidManifest.xml
		INJECTED from src\main\AndroidManifest.xml
application
ADDED from src\main\AndroidManifest.xml:28:5-111:19
	android:label
		ADDED from src\main\AndroidManifest.xml:31:9-41
	android:allowBackup
		ADDED from src\main\AndroidManifest.xml:29:9-35
	android:icon
		ADDED from src\main\AndroidManifest.xml:30:9-45
	android:theme
		ADDED from src\main\AndroidManifest.xml:32:9-62
activity#cn.sharesdk.login.demo.LoginPage
ADDED from src\main\AndroidManifest.xml:33:9-41:20
	android:label
		ADDED from src\main\AndroidManifest.xml:35:13-45
	android:name
		ADDED from src\main\AndroidManifest.xml:34:13-60
intent-filter#android.intent.action.MAIN+android.intent.category.LAUNCHER
ADDED from src\main\AndroidManifest.xml:36:13-40:29
action#android.intent.action.MAIN
ADDED from src\main\AndroidManifest.xml:37:17-69
	android:name
		ADDED from src\main\AndroidManifest.xml:37:25-66
category#android.intent.category.LAUNCHER
ADDED from src\main\AndroidManifest.xml:39:17-77
	android:name
		ADDED from src\main\AndroidManifest.xml:39:27-74
activity#cn.sharesdk.login.demo.login.RegisterPage
ADDED from src\main\AndroidManifest.xml:43:9-46:66
	android:windowSoftInputMode
		ADDED from src\main\AndroidManifest.xml:46:13-64
	android:configChanges
		ADDED from src\main\AndroidManifest.xml:45:13-74
	android:name
		ADDED from src\main\AndroidManifest.xml:44:13-69
activity#com.mob.tools.MobUIShell
ADDED from src\main\AndroidManifest.xml:48:9-104:20
	android:windowSoftInputMode
		ADDED from src\main\AndroidManifest.xml:52:13-67
	android:configChanges
		ADDED from src\main\AndroidManifest.xml:51:13-74
	android:theme
		ADDED from src\main\AndroidManifest.xml:50:13-72
	android:name
		ADDED from src\main\AndroidManifest.xml:49:13-52
meta-data#AuthorizeAdapter
ADDED from src\main\AndroidManifest.xml:58:13-101
	android:value
		ADDED from src\main\AndroidManifest.xml:58:56-98
	android:name
		ADDED from src\main\AndroidManifest.xml:58:24-55
intent-filter#android.intent.action.VIEW+android.intent.category.BROWSABLE+android.intent.category.DEFAULT
ADDED from src\main\AndroidManifest.xml:72:13-77:29
data
ADDED from src\main\AndroidManifest.xml:73:17-61
	android:scheme
		ADDED from src\main\AndroidManifest.xml:73:23-58
action#android.intent.action.VIEW
ADDED from src\main\AndroidManifest.xml:74:11-63
	android:name
		ADDED from src\main\AndroidManifest.xml:74:19-60
category#android.intent.category.BROWSABLE
ADDED from src\main\AndroidManifest.xml:75:11-71
	android:name
		ADDED from src\main\AndroidManifest.xml:75:21-69
category#android.intent.category.DEFAULT
ADDED from src\main\AndroidManifest.xml:76:11-70
	android:name
		ADDED from src\main\AndroidManifest.xml:76:21-67
intent-filter#android.intent.category.DEFAULT+com.sina.weibo.sdk.action.ACTION_SDK_REQ_ACTIVITY
ADDED from src\main\AndroidManifest.xml:92:13-95:23
action#com.sina.weibo.sdk.action.ACTION_SDK_REQ_ACTIVITY
ADDED from src\main\AndroidManifest.xml:93:8-83
	android:name
		ADDED from src\main\AndroidManifest.xml:93:16-80
activity#cn.sharesdk.demo.wxapi.WXEntryActivity
ADDED from src\main\AndroidManifest.xml:106:9-110:39
	android:exported
		ADDED from src\main\AndroidManifest.xml:110:13-36
	android:configChanges
		ADDED from src\main\AndroidManifest.xml:109:13-74
	android:theme
		ADDED from src\main\AndroidManifest.xml:108:13-72
	android:name
		ADDED from src\main\AndroidManifest.xml:107:13-66